0 info it worked if it ends with ok
1 verbose cli [ 'C:\\Program Files (x86)\\Microsoft Visual Studio 14.0\\Common7\\IDE\\Extensions\\Microsoft\\Web Tools\\External\\\\node\\node',
1 verbose cli   'C:\\Program Files (x86)\\Microsoft Visual Studio 14.0\\Common7\\IDE\\Extensions\\Microsoft\\Web Tools\\External\\npm\\node_modules\\npm\\bin\\npm-cli.js',
1 verbose cli   'install' ]
2 info using npm@1.4.9
3 info using node@v0.10.31
4 verbose node symlink C:\Program Files (x86)\Microsoft Visual Studio 14.0\Common7\IDE\Extensions\Microsoft\Web Tools\External\\node\node
5 verbose readDependencies using package.json deps
6 verbose install where, deps [ 'F:\\MySolution\\MyWeb\\MyStudySolution\\MyWeb',
6 verbose install   [ '@angular/common',
6 verbose install     '@angular/compiler',
6 verbose install     '@angular/core',
6 verbose install     '@angular/forms',
6 verbose install     '@angular/http',
6 verbose install     '@angular/platform-browser',
6 verbose install     '@angular/platform-browser-dynamic',
6 verbose install     '@angular/router',
6 verbose install     '@angular/upgrade',
6 verbose install     'core-js',
6 verbose install     'reflect-metadata',
6 verbose install     'rxjs',
6 verbose install     'systemjs',
6 verbose install     'zone.js',
6 verbose install     'angular2-in-memory-web-api',
6 verbose install     'typescript',
6 verbose install     'typings',
6 verbose install     'gulp',
6 verbose install     'path',
6 verbose install     'gulp-clean',
6 verbose install     'gulp-concat',
6 verbose install     'gulp-typescript',
6 verbose install     'gulp-tsc' ] ]
7 info preinstall aspnet@1.0.0
8 verbose readDependencies using package.json deps
9 verbose cache add [ '@angular/common@2.0.0', null ]
10 verbose cache add name=undefined spec="@angular/common@2.0.0" args=["@angular/common@2.0.0",null]
11 verbose parsed url { protocol: null,
11 verbose parsed url   slashes: null,
11 verbose parsed url   auth: null,
11 verbose parsed url   host: null,
11 verbose parsed url   port: null,
11 verbose parsed url   hostname: null,
11 verbose parsed url   hash: null,
11 verbose parsed url   search: null,
11 verbose parsed url   query: null,
11 verbose parsed url   pathname: '@angular/common@2.0.0',
11 verbose parsed url   path: '@angular/common@2.0.0',
11 verbose parsed url   href: '@angular/common@2.0.0' }
12 verbose cache add [ '@angular/compiler@2.0.0', null ]
13 verbose cache add name=undefined spec="@angular/compiler@2.0.0" args=["@angular/compiler@2.0.0",null]
14 verbose parsed url { protocol: null,
14 verbose parsed url   slashes: null,
14 verbose parsed url   auth: null,
14 verbose parsed url   host: null,
14 verbose parsed url   port: null,
14 verbose parsed url   hostname: null,
14 verbose parsed url   hash: null,
14 verbose parsed url   search: null,
14 verbose parsed url   query: null,
14 verbose parsed url   pathname: '@angular/compiler@2.0.0',
14 verbose parsed url   path: '@angular/compiler@2.0.0',
14 verbose parsed url   href: '@angular/compiler@2.0.0' }
15 verbose cache add [ '@angular/core@2.0.0', null ]
16 verbose cache add name=undefined spec="@angular/core@2.0.0" args=["@angular/core@2.0.0",null]
17 verbose parsed url { protocol: null,
17 verbose parsed url   slashes: null,
17 verbose parsed url   auth: null,
17 verbose parsed url   host: null,
17 verbose parsed url   port: null,
17 verbose parsed url   hostname: null,
17 verbose parsed url   hash: null,
17 verbose parsed url   search: null,
17 verbose parsed url   query: null,
17 verbose parsed url   pathname: '@angular/core@2.0.0',
17 verbose parsed url   path: '@angular/core@2.0.0',
17 verbose parsed url   href: '@angular/core@2.0.0' }
18 verbose cache add [ '@angular/forms@2.0.0', null ]
19 verbose cache add name=undefined spec="@angular/forms@2.0.0" args=["@angular/forms@2.0.0",null]
20 verbose parsed url { protocol: null,
20 verbose parsed url   slashes: null,
20 verbose parsed url   auth: null,
20 verbose parsed url   host: null,
20 verbose parsed url   port: null,
20 verbose parsed url   hostname: null,
20 verbose parsed url   hash: null,
20 verbose parsed url   search: null,
20 verbose parsed url   query: null,
20 verbose parsed url   pathname: '@angular/forms@2.0.0',
20 verbose parsed url   path: '@angular/forms@2.0.0',
20 verbose parsed url   href: '@angular/forms@2.0.0' }
21 verbose cache add [ '@angular/http@2.0.0', null ]
22 verbose cache add name=undefined spec="@angular/http@2.0.0" args=["@angular/http@2.0.0",null]
23 verbose parsed url { protocol: null,
23 verbose parsed url   slashes: null,
23 verbose parsed url   auth: null,
23 verbose parsed url   host: null,
23 verbose parsed url   port: null,
23 verbose parsed url   hostname: null,
23 verbose parsed url   hash: null,
23 verbose parsed url   search: null,
23 verbose parsed url   query: null,
23 verbose parsed url   pathname: '@angular/http@2.0.0',
23 verbose parsed url   path: '@angular/http@2.0.0',
23 verbose parsed url   href: '@angular/http@2.0.0' }
24 verbose cache add [ '@angular/platform-browser@2.0.0', null ]
25 verbose cache add name=undefined spec="@angular/platform-browser@2.0.0" args=["@angular/platform-browser@2.0.0",null]
26 verbose parsed url { protocol: null,
26 verbose parsed url   slashes: null,
26 verbose parsed url   auth: null,
26 verbose parsed url   host: null,
26 verbose parsed url   port: null,
26 verbose parsed url   hostname: null,
26 verbose parsed url   hash: null,
26 verbose parsed url   search: null,
26 verbose parsed url   query: null,
26 verbose parsed url   pathname: '@angular/platform-browser@2.0.0',
26 verbose parsed url   path: '@angular/platform-browser@2.0.0',
26 verbose parsed url   href: '@angular/platform-browser@2.0.0' }
27 verbose cache add [ '@angular/platform-browser-dynamic@2.0.0', null ]
28 verbose cache add name=undefined spec="@angular/platform-browser-dynamic@2.0.0" args=["@angular/platform-browser-dynamic@2.0.0",null]
29 verbose parsed url { protocol: null,
29 verbose parsed url   slashes: null,
29 verbose parsed url   auth: null,
29 verbose parsed url   host: null,
29 verbose parsed url   port: null,
29 verbose parsed url   hostname: null,
29 verbose parsed url   hash: null,
29 verbose parsed url   search: null,
29 verbose parsed url   query: null,
29 verbose parsed url   pathname: '@angular/platform-browser-dynamic@2.0.0',
29 verbose parsed url   path: '@angular/platform-browser-dynamic@2.0.0',
29 verbose parsed url   href: '@angular/platform-browser-dynamic@2.0.0' }
30 verbose cache add [ '@angular/router@3.0.0', null ]
31 verbose cache add name=undefined spec="@angular/router@3.0.0" args=["@angular/router@3.0.0",null]
32 verbose parsed url { protocol: null,
32 verbose parsed url   slashes: null,
32 verbose parsed url   auth: null,
32 verbose parsed url   host: null,
32 verbose parsed url   port: null,
32 verbose parsed url   hostname: null,
32 verbose parsed url   hash: null,
32 verbose parsed url   search: null,
32 verbose parsed url   query: null,
32 verbose parsed url   pathname: '@angular/router@3.0.0',
32 verbose parsed url   path: '@angular/router@3.0.0',
32 verbose parsed url   href: '@angular/router@3.0.0' }
33 verbose cache add [ '@angular/upgrade@2.0.0', null ]
34 verbose cache add name=undefined spec="@angular/upgrade@2.0.0" args=["@angular/upgrade@2.0.0",null]
35 verbose parsed url { protocol: null,
35 verbose parsed url   slashes: null,
35 verbose parsed url   auth: null,
35 verbose parsed url   host: null,
35 verbose parsed url   port: null,
35 verbose parsed url   hostname: null,
35 verbose parsed url   hash: null,
35 verbose parsed url   search: null,
35 verbose parsed url   query: null,
35 verbose parsed url   pathname: '@angular/upgrade@2.0.0',
35 verbose parsed url   path: '@angular/upgrade@2.0.0',
35 verbose parsed url   href: '@angular/upgrade@2.0.0' }
36 verbose cache add [ 'core-js@^2.4.1', null ]
37 verbose cache add name=undefined spec="core-js@^2.4.1" args=["core-js@^2.4.1",null]
38 verbose parsed url { protocol: null,
38 verbose parsed url   slashes: null,
38 verbose parsed url   auth: null,
38 verbose parsed url   host: null,
38 verbose parsed url   port: null,
38 verbose parsed url   hostname: null,
38 verbose parsed url   hash: null,
38 verbose parsed url   search: null,
38 verbose parsed url   query: null,
38 verbose parsed url   pathname: 'core-js@^2.4.1',
38 verbose parsed url   path: 'core-js@^2.4.1',
38 verbose parsed url   href: 'core-js@^2.4.1' }
39 verbose cache add name="core-js" spec="^2.4.1" args=["core-js","^2.4.1"]
40 verbose parsed url { protocol: null,
40 verbose parsed url   slashes: null,
40 verbose parsed url   auth: null,
40 verbose parsed url   host: null,
40 verbose parsed url   port: null,
40 verbose parsed url   hostname: null,
40 verbose parsed url   hash: null,
40 verbose parsed url   search: null,
40 verbose parsed url   query: null,
40 verbose parsed url   pathname: '^2.4.1',
40 verbose parsed url   path: '^2.4.1',
40 verbose parsed url   href: '^2.4.1' }
41 verbose addNamed [ 'core-js', '^2.4.1' ]
42 verbose addNamed [ null, '>=2.4.1-0 <3.0.0-0' ]
43 verbose cache add [ 'reflect-metadata@^0.1.3', null ]
44 verbose cache add name=undefined spec="reflect-metadata@^0.1.3" args=["reflect-metadata@^0.1.3",null]
45 verbose parsed url { protocol: null,
45 verbose parsed url   slashes: null,
45 verbose parsed url   auth: null,
45 verbose parsed url   host: null,
45 verbose parsed url   port: null,
45 verbose parsed url   hostname: null,
45 verbose parsed url   hash: null,
45 verbose parsed url   search: null,
45 verbose parsed url   query: null,
45 verbose parsed url   pathname: 'reflect-metadata@^0.1.3',
45 verbose parsed url   path: 'reflect-metadata@^0.1.3',
45 verbose parsed url   href: 'reflect-metadata@^0.1.3' }
46 verbose cache add name="reflect-metadata" spec="^0.1.3" args=["reflect-metadata","^0.1.3"]
47 verbose parsed url { protocol: null,
47 verbose parsed url   slashes: null,
47 verbose parsed url   auth: null,
47 verbose parsed url   host: null,
47 verbose parsed url   port: null,
47 verbose parsed url   hostname: null,
47 verbose parsed url   hash: null,
47 verbose parsed url   search: null,
47 verbose parsed url   query: null,
47 verbose parsed url   pathname: '^0.1.3',
47 verbose parsed url   path: '^0.1.3',
47 verbose parsed url   href: '^0.1.3' }
48 verbose addNamed [ 'reflect-metadata', '^0.1.3' ]
49 verbose addNamed [ null, '>=0.1.3-0 <0.2.0-0' ]
50 verbose cache add [ 'rxjs@5.0.0-beta.12', null ]
51 verbose cache add name=undefined spec="rxjs@5.0.0-beta.12" args=["rxjs@5.0.0-beta.12",null]
52 verbose parsed url { protocol: null,
52 verbose parsed url   slashes: null,
52 verbose parsed url   auth: null,
52 verbose parsed url   host: null,
52 verbose parsed url   port: null,
52 verbose parsed url   hostname: null,
52 verbose parsed url   hash: null,
52 verbose parsed url   search: null,
52 verbose parsed url   query: null,
52 verbose parsed url   pathname: 'rxjs@5.0.0-beta.12',
52 verbose parsed url   path: 'rxjs@5.0.0-beta.12',
52 verbose parsed url   href: 'rxjs@5.0.0-beta.12' }
53 verbose cache add name="rxjs" spec="5.0.0-beta.12" args=["rxjs","5.0.0-beta.12"]
54 verbose parsed url { protocol: null,
54 verbose parsed url   slashes: null,
54 verbose parsed url   auth: null,
54 verbose parsed url   host: null,
54 verbose parsed url   port: null,
54 verbose parsed url   hostname: null,
54 verbose parsed url   hash: null,
54 verbose parsed url   search: null,
54 verbose parsed url   query: null,
54 verbose parsed url   pathname: '5.0.0-beta.12',
54 verbose parsed url   path: '5.0.0-beta.12',
54 verbose parsed url   href: '5.0.0-beta.12' }
55 verbose addNamed [ 'rxjs', '5.0.0-beta.12' ]
56 verbose addNamed [ '5.0.0-beta.12', '5.0.0-beta.12' ]
57 verbose cache add [ 'systemjs@0.19.27', null ]
58 verbose cache add name=undefined spec="systemjs@0.19.27" args=["systemjs@0.19.27",null]
59 verbose parsed url { protocol: null,
59 verbose parsed url   slashes: null,
59 verbose parsed url   auth: null,
59 verbose parsed url   host: null,
59 verbose parsed url   port: null,
59 verbose parsed url   hostname: null,
59 verbose parsed url   hash: null,
59 verbose parsed url   search: null,
59 verbose parsed url   query: null,
59 verbose parsed url   pathname: 'systemjs@0.19.27',
59 verbose parsed url   path: 'systemjs@0.19.27',
59 verbose parsed url   href: 'systemjs@0.19.27' }
60 verbose cache add name="systemjs" spec="0.19.27" args=["systemjs","0.19.27"]
61 verbose parsed url { protocol: null,
61 verbose parsed url   slashes: null,
61 verbose parsed url   auth: null,
61 verbose parsed url   host: null,
61 verbose parsed url   port: null,
61 verbose parsed url   hostname: null,
61 verbose parsed url   hash: null,
61 verbose parsed url   search: null,
61 verbose parsed url   query: null,
61 verbose parsed url   pathname: '0.19.27',
61 verbose parsed url   path: '0.19.27',
61 verbose parsed url   href: '0.19.27' }
62 verbose addNamed [ 'systemjs', '0.19.27' ]
63 verbose addNamed [ '0.19.27', '0.19.27' ]
64 verbose cache add [ 'zone.js@^0.6.23', null ]
65 verbose cache add name=undefined spec="zone.js@^0.6.23" args=["zone.js@^0.6.23",null]
66 verbose parsed url { protocol: null,
66 verbose parsed url   slashes: null,
66 verbose parsed url   auth: null,
66 verbose parsed url   host: null,
66 verbose parsed url   port: null,
66 verbose parsed url   hostname: null,
66 verbose parsed url   hash: null,
66 verbose parsed url   search: null,
66 verbose parsed url   query: null,
66 verbose parsed url   pathname: 'zone.js@^0.6.23',
66 verbose parsed url   path: 'zone.js@^0.6.23',
66 verbose parsed url   href: 'zone.js@^0.6.23' }
67 verbose cache add name="zone.js" spec="^0.6.23" args=["zone.js","^0.6.23"]
68 verbose parsed url { protocol: null,
68 verbose parsed url   slashes: null,
68 verbose parsed url   auth: null,
68 verbose parsed url   host: null,
68 verbose parsed url   port: null,
68 verbose parsed url   hostname: null,
68 verbose parsed url   hash: null,
68 verbose parsed url   search: null,
68 verbose parsed url   query: null,
68 verbose parsed url   pathname: '^0.6.23',
68 verbose parsed url   path: '^0.6.23',
68 verbose parsed url   href: '^0.6.23' }
69 verbose addNamed [ 'zone.js', '^0.6.23' ]
70 verbose addNamed [ null, '>=0.6.23-0 <0.7.0-0' ]
71 verbose cache add [ 'angular2-in-memory-web-api@0.0.20', null ]
72 verbose cache add name=undefined spec="angular2-in-memory-web-api@0.0.20" args=["angular2-in-memory-web-api@0.0.20",null]
73 verbose parsed url { protocol: null,
73 verbose parsed url   slashes: null,
73 verbose parsed url   auth: null,
73 verbose parsed url   host: null,
73 verbose parsed url   port: null,
73 verbose parsed url   hostname: null,
73 verbose parsed url   hash: null,
73 verbose parsed url   search: null,
73 verbose parsed url   query: null,
73 verbose parsed url   pathname: 'angular2-in-memory-web-api@0.0.20',
73 verbose parsed url   path: 'angular2-in-memory-web-api@0.0.20',
73 verbose parsed url   href: 'angular2-in-memory-web-api@0.0.20' }
74 verbose cache add name="angular2-in-memory-web-api" spec="0.0.20" args=["angular2-in-memory-web-api","0.0.20"]
75 verbose parsed url { protocol: null,
75 verbose parsed url   slashes: null,
75 verbose parsed url   auth: null,
75 verbose parsed url   host: null,
75 verbose parsed url   port: null,
75 verbose parsed url   hostname: null,
75 verbose parsed url   hash: null,
75 verbose parsed url   search: null,
75 verbose parsed url   query: null,
75 verbose parsed url   pathname: '0.0.20',
75 verbose parsed url   path: '0.0.20',
75 verbose parsed url   href: '0.0.20' }
76 verbose addNamed [ 'angular2-in-memory-web-api', '0.0.20' ]
77 verbose addNamed [ '0.0.20', '0.0.20' ]
78 verbose cache add [ 'typescript@^2.0.2', null ]
79 verbose cache add name=undefined spec="typescript@^2.0.2" args=["typescript@^2.0.2",null]
80 verbose parsed url { protocol: null,
80 verbose parsed url   slashes: null,
80 verbose parsed url   auth: null,
80 verbose parsed url   host: null,
80 verbose parsed url   port: null,
80 verbose parsed url   hostname: null,
80 verbose parsed url   hash: null,
80 verbose parsed url   search: null,
80 verbose parsed url   query: null,
80 verbose parsed url   pathname: 'typescript@^2.0.2',
80 verbose parsed url   path: 'typescript@^2.0.2',
80 verbose parsed url   href: 'typescript@^2.0.2' }
81 verbose cache add name="typescript" spec="^2.0.2" args=["typescript","^2.0.2"]
82 verbose parsed url { protocol: null,
82 verbose parsed url   slashes: null,
82 verbose parsed url   auth: null,
82 verbose parsed url   host: null,
82 verbose parsed url   port: null,
82 verbose parsed url   hostname: null,
82 verbose parsed url   hash: null,
82 verbose parsed url   search: null,
82 verbose parsed url   query: null,
82 verbose parsed url   pathname: '^2.0.2',
82 verbose parsed url   path: '^2.0.2',
82 verbose parsed url   href: '^2.0.2' }
83 verbose addNamed [ 'typescript', '^2.0.2' ]
84 verbose addNamed [ null, '>=2.0.2-0 <3.0.0-0' ]
85 verbose cache add [ 'typings@^1.3.2', null ]
86 verbose cache add name=undefined spec="typings@^1.3.2" args=["typings@^1.3.2",null]
87 verbose parsed url { protocol: null,
87 verbose parsed url   slashes: null,
87 verbose parsed url   auth: null,
87 verbose parsed url   host: null,
87 verbose parsed url   port: null,
87 verbose parsed url   hostname: null,
87 verbose parsed url   hash: null,
87 verbose parsed url   search: null,
87 verbose parsed url   query: null,
87 verbose parsed url   pathname: 'typings@^1.3.2',
87 verbose parsed url   path: 'typings@^1.3.2',
87 verbose parsed url   href: 'typings@^1.3.2' }
88 verbose cache add name="typings" spec="^1.3.2" args=["typings","^1.3.2"]
89 verbose parsed url { protocol: null,
89 verbose parsed url   slashes: null,
89 verbose parsed url   auth: null,
89 verbose parsed url   host: null,
89 verbose parsed url   port: null,
89 verbose parsed url   hostname: null,
89 verbose parsed url   hash: null,
89 verbose parsed url   search: null,
89 verbose parsed url   query: null,
89 verbose parsed url   pathname: '^1.3.2',
89 verbose parsed url   path: '^1.3.2',
89 verbose parsed url   href: '^1.3.2' }
90 verbose addNamed [ 'typings', '^1.3.2' ]
91 verbose addNamed [ null, '>=1.3.2-0 <2.0.0-0' ]
92 verbose cache add name="" spec="angular/common@2.0.0" args=["","angular/common@2.0.0"]
93 verbose parsed url { protocol: null,
93 verbose parsed url   slashes: null,
93 verbose parsed url   auth: null,
93 verbose parsed url   host: null,
93 verbose parsed url   port: null,
93 verbose parsed url   hostname: null,
93 verbose parsed url   hash: null,
93 verbose parsed url   search: null,
93 verbose parsed url   query: null,
93 verbose parsed url   pathname: 'angular/common@2.0.0',
93 verbose parsed url   path: 'angular/common@2.0.0',
93 verbose parsed url   href: 'angular/common@2.0.0' }
94 verbose cache add name="" spec="angular/compiler@2.0.0" args=["","angular/compiler@2.0.0"]
95 verbose parsed url { protocol: null,
95 verbose parsed url   slashes: null,
95 verbose parsed url   auth: null,
95 verbose parsed url   host: null,
95 verbose parsed url   port: null,
95 verbose parsed url   hostname: null,
95 verbose parsed url   hash: null,
95 verbose parsed url   search: null,
95 verbose parsed url   query: null,
95 verbose parsed url   pathname: 'angular/compiler@2.0.0',
95 verbose parsed url   path: 'angular/compiler@2.0.0',
95 verbose parsed url   href: 'angular/compiler@2.0.0' }
96 verbose cache add name="" spec="angular/core@2.0.0" args=["","angular/core@2.0.0"]
97 verbose parsed url { protocol: null,
97 verbose parsed url   slashes: null,
97 verbose parsed url   auth: null,
97 verbose parsed url   host: null,
97 verbose parsed url   port: null,
97 verbose parsed url   hostname: null,
97 verbose parsed url   hash: null,
97 verbose parsed url   search: null,
97 verbose parsed url   query: null,
97 verbose parsed url   pathname: 'angular/core@2.0.0',
97 verbose parsed url   path: 'angular/core@2.0.0',
97 verbose parsed url   href: 'angular/core@2.0.0' }
98 verbose cache add name="" spec="angular/forms@2.0.0" args=["","angular/forms@2.0.0"]
99 verbose parsed url { protocol: null,
99 verbose parsed url   slashes: null,
99 verbose parsed url   auth: null,
99 verbose parsed url   host: null,
99 verbose parsed url   port: null,
99 verbose parsed url   hostname: null,
99 verbose parsed url   hash: null,
99 verbose parsed url   search: null,
99 verbose parsed url   query: null,
99 verbose parsed url   pathname: 'angular/forms@2.0.0',
99 verbose parsed url   path: 'angular/forms@2.0.0',
99 verbose parsed url   href: 'angular/forms@2.0.0' }
100 verbose cache add name="" spec="angular/http@2.0.0" args=["","angular/http@2.0.0"]
101 verbose parsed url { protocol: null,
101 verbose parsed url   slashes: null,
101 verbose parsed url   auth: null,
101 verbose parsed url   host: null,
101 verbose parsed url   port: null,
101 verbose parsed url   hostname: null,
101 verbose parsed url   hash: null,
101 verbose parsed url   search: null,
101 verbose parsed url   query: null,
101 verbose parsed url   pathname: 'angular/http@2.0.0',
101 verbose parsed url   path: 'angular/http@2.0.0',
101 verbose parsed url   href: 'angular/http@2.0.0' }
102 verbose cache add name="" spec="angular/platform-browser@2.0.0" args=["","angular/platform-browser@2.0.0"]
103 verbose parsed url { protocol: null,
103 verbose parsed url   slashes: null,
103 verbose parsed url   auth: null,
103 verbose parsed url   host: null,
103 verbose parsed url   port: null,
103 verbose parsed url   hostname: null,
103 verbose parsed url   hash: null,
103 verbose parsed url   search: null,
103 verbose parsed url   query: null,
103 verbose parsed url   pathname: 'angular/platform-browser@2.0.0',
103 verbose parsed url   path: 'angular/platform-browser@2.0.0',
103 verbose parsed url   href: 'angular/platform-browser@2.0.0' }
104 verbose cache add name="" spec="angular/platform-browser-dynamic@2.0.0" args=["","angular/platform-browser-dynamic@2.0.0"]
105 verbose parsed url { protocol: null,
105 verbose parsed url   slashes: null,
105 verbose parsed url   auth: null,
105 verbose parsed url   host: null,
105 verbose parsed url   port: null,
105 verbose parsed url   hostname: null,
105 verbose parsed url   hash: null,
105 verbose parsed url   search: null,
105 verbose parsed url   query: null,
105 verbose parsed url   pathname: 'angular/platform-browser-dynamic@2.0.0',
105 verbose parsed url   path: 'angular/platform-browser-dynamic@2.0.0',
105 verbose parsed url   href: 'angular/platform-browser-dynamic@2.0.0' }
106 verbose cache add name="" spec="angular/router@3.0.0" args=["","angular/router@3.0.0"]
107 verbose parsed url { protocol: null,
107 verbose parsed url   slashes: null,
107 verbose parsed url   auth: null,
107 verbose parsed url   host: null,
107 verbose parsed url   port: null,
107 verbose parsed url   hostname: null,
107 verbose parsed url   hash: null,
107 verbose parsed url   search: null,
107 verbose parsed url   query: null,
107 verbose parsed url   pathname: 'angular/router@3.0.0',
107 verbose parsed url   path: 'angular/router@3.0.0',
107 verbose parsed url   href: 'angular/router@3.0.0' }
108 verbose cache add name="" spec="angular/upgrade@2.0.0" args=["","angular/upgrade@2.0.0"]
109 verbose parsed url { protocol: null,
109 verbose parsed url   slashes: null,
109 verbose parsed url   auth: null,
109 verbose parsed url   host: null,
109 verbose parsed url   port: null,
109 verbose parsed url   hostname: null,
109 verbose parsed url   hash: null,
109 verbose parsed url   search: null,
109 verbose parsed url   query: null,
109 verbose parsed url   pathname: 'angular/upgrade@2.0.0',
109 verbose parsed url   path: 'angular/upgrade@2.0.0',
109 verbose parsed url   href: 'angular/upgrade@2.0.0' }
110 silly lockFile a299e77f-core-js-2-4-1 core-js@^2.4.1
111 verbose lock core-js@^2.4.1 C:\Users\Administrator\AppData\Roaming\npm-cache\a299e77f-core-js-2-4-1.lock
112 silly lockFile e82b3467-reflect-metadata-0-1-3 reflect-metadata@^0.1.3
113 verbose lock reflect-metadata@^0.1.3 C:\Users\Administrator\AppData\Roaming\npm-cache\e82b3467-reflect-metadata-0-1-3.lock
114 silly lockFile 4a2ee142-rxjs-5-0-0-beta-12 rxjs@5.0.0-beta.12
115 verbose lock rxjs@5.0.0-beta.12 C:\Users\Administrator\AppData\Roaming\npm-cache\4a2ee142-rxjs-5-0-0-beta-12.lock
116 silly lockFile 2ad76a57-systemjs-0-19-27 systemjs@0.19.27
117 verbose lock systemjs@0.19.27 C:\Users\Administrator\AppData\Roaming\npm-cache\2ad76a57-systemjs-0-19-27.lock
118 silly lockFile 4213c557-zone-js-0-6-23 zone.js@^0.6.23
119 verbose lock zone.js@^0.6.23 C:\Users\Administrator\AppData\Roaming\npm-cache\4213c557-zone-js-0-6-23.lock
120 silly lockFile 6fc9e50e-ngular2-in-memory-web-api-0-0-20 angular2-in-memory-web-api@0.0.20
121 verbose lock angular2-in-memory-web-api@0.0.20 C:\Users\Administrator\AppData\Roaming\npm-cache\6fc9e50e-ngular2-in-memory-web-api-0-0-20.lock
122 silly lockFile c17b79be-typescript-2-0-2 typescript@^2.0.2
123 verbose lock typescript@^2.0.2 C:\Users\Administrator\AppData\Roaming\npm-cache\c17b79be-typescript-2-0-2.lock
124 silly lockFile 477ed876-typings-1-3-2 typings@^1.3.2
125 verbose lock typings@^1.3.2 C:\Users\Administrator\AppData\Roaming\npm-cache\477ed876-typings-1-3-2.lock
126 verbose cache add name="angular/common" spec="2.0.0" args=["angular/common","2.0.0"]
127 verbose parsed url { protocol: null,
127 verbose parsed url   slashes: null,
127 verbose parsed url   auth: null,
127 verbose parsed url   host: null,
127 verbose parsed url   port: null,
127 verbose parsed url   hostname: null,
127 verbose parsed url   hash: null,
127 verbose parsed url   search: null,
127 verbose parsed url   query: null,
127 verbose parsed url   pathname: '2.0.0',
127 verbose parsed url   path: '2.0.0',
127 verbose parsed url   href: '2.0.0' }
128 verbose addNamed [ 'angular/common', '2.0.0' ]
129 verbose addNamed [ '2.0.0', '2.0.0' ]
130 silly lockFile 0e3d6c46-angular-common-2-0-0 angular/common@2.0.0
131 verbose lock angular/common@2.0.0 C:\Users\Administrator\AppData\Roaming\npm-cache\0e3d6c46-angular-common-2-0-0.lock
132 verbose cache add name="angular/compiler" spec="2.0.0" args=["angular/compiler","2.0.0"]
133 verbose parsed url { protocol: null,
133 verbose parsed url   slashes: null,
133 verbose parsed url   auth: null,
133 verbose parsed url   host: null,
133 verbose parsed url   port: null,
133 verbose parsed url   hostname: null,
133 verbose parsed url   hash: null,
133 verbose parsed url   search: null,
133 verbose parsed url   query: null,
133 verbose parsed url   pathname: '2.0.0',
133 verbose parsed url   path: '2.0.0',
133 verbose parsed url   href: '2.0.0' }
134 verbose addNamed [ 'angular/compiler', '2.0.0' ]
135 verbose addNamed [ '2.0.0', '2.0.0' ]
136 silly lockFile 770c3c92-angular-compiler-2-0-0 angular/compiler@2.0.0
137 verbose lock angular/compiler@2.0.0 C:\Users\Administrator\AppData\Roaming\npm-cache\770c3c92-angular-compiler-2-0-0.lock
138 verbose cache add name="angular/core" spec="2.0.0" args=["angular/core","2.0.0"]
139 verbose parsed url { protocol: null,
139 verbose parsed url   slashes: null,
139 verbose parsed url   auth: null,
139 verbose parsed url   host: null,
139 verbose parsed url   port: null,
139 verbose parsed url   hostname: null,
139 verbose parsed url   hash: null,
139 verbose parsed url   search: null,
139 verbose parsed url   query: null,
139 verbose parsed url   pathname: '2.0.0',
139 verbose parsed url   path: '2.0.0',
139 verbose parsed url   href: '2.0.0' }
140 verbose addNamed [ 'angular/core', '2.0.0' ]
141 verbose addNamed [ '2.0.0', '2.0.0' ]
142 silly lockFile b9bc72b6-angular-core-2-0-0 angular/core@2.0.0
143 verbose lock angular/core@2.0.0 C:\Users\Administrator\AppData\Roaming\npm-cache\b9bc72b6-angular-core-2-0-0.lock
144 verbose cache add name="angular/forms" spec="2.0.0" args=["angular/forms","2.0.0"]
145 verbose parsed url { protocol: null,
145 verbose parsed url   slashes: null,
145 verbose parsed url   auth: null,
145 verbose parsed url   host: null,
145 verbose parsed url   port: null,
145 verbose parsed url   hostname: null,
145 verbose parsed url   hash: null,
145 verbose parsed url   search: null,
145 verbose parsed url   query: null,
145 verbose parsed url   pathname: '2.0.0',
145 verbose parsed url   path: '2.0.0',
145 verbose parsed url   href: '2.0.0' }
146 verbose addNamed [ 'angular/forms', '2.0.0' ]
147 verbose addNamed [ '2.0.0', '2.0.0' ]
148 silly lockFile 547a9a62-angular-forms-2-0-0 angular/forms@2.0.0
149 verbose lock angular/forms@2.0.0 C:\Users\Administrator\AppData\Roaming\npm-cache\547a9a62-angular-forms-2-0-0.lock
150 verbose cache add name="angular/http" spec="2.0.0" args=["angular/http","2.0.0"]
151 verbose parsed url { protocol: null,
151 verbose parsed url   slashes: null,
151 verbose parsed url   auth: null,
151 verbose parsed url   host: null,
151 verbose parsed url   port: null,
151 verbose parsed url   hostname: null,
151 verbose parsed url   hash: null,
151 verbose parsed url   search: null,
151 verbose parsed url   query: null,
151 verbose parsed url   pathname: '2.0.0',
151 verbose parsed url   path: '2.0.0',
151 verbose parsed url   href: '2.0.0' }
152 verbose addNamed [ 'angular/http', '2.0.0' ]
153 verbose addNamed [ '2.0.0', '2.0.0' ]
154 silly lockFile dd755930-angular-http-2-0-0 angular/http@2.0.0
155 verbose lock angular/http@2.0.0 C:\Users\Administrator\AppData\Roaming\npm-cache\dd755930-angular-http-2-0-0.lock
156 verbose cache add name="angular/platform-browser" spec="2.0.0" args=["angular/platform-browser","2.0.0"]
157 verbose parsed url { protocol: null,
157 verbose parsed url   slashes: null,
157 verbose parsed url   auth: null,
157 verbose parsed url   host: null,
157 verbose parsed url   port: null,
157 verbose parsed url   hostname: null,
157 verbose parsed url   hash: null,
157 verbose parsed url   search: null,
157 verbose parsed url   query: null,
157 verbose parsed url   pathname: '2.0.0',
157 verbose parsed url   path: '2.0.0',
157 verbose parsed url   href: '2.0.0' }
158 verbose addNamed [ 'angular/platform-browser', '2.0.0' ]
159 verbose addNamed [ '2.0.0', '2.0.0' ]
160 silly lockFile c16ff788-angular-platform-browser-2-0-0 angular/platform-browser@2.0.0
161 verbose lock angular/platform-browser@2.0.0 C:\Users\Administrator\AppData\Roaming\npm-cache\c16ff788-angular-platform-browser-2-0-0.lock
162 verbose cache add name="angular/platform-browser-dynamic" spec="2.0.0" args=["angular/platform-browser-dynamic","2.0.0"]
163 verbose parsed url { protocol: null,
163 verbose parsed url   slashes: null,
163 verbose parsed url   auth: null,
163 verbose parsed url   host: null,
163 verbose parsed url   port: null,
163 verbose parsed url   hostname: null,
163 verbose parsed url   hash: null,
163 verbose parsed url   search: null,
163 verbose parsed url   query: null,
163 verbose parsed url   pathname: '2.0.0',
163 verbose parsed url   path: '2.0.0',
163 verbose parsed url   href: '2.0.0' }
164 verbose addNamed [ 'angular/platform-browser-dynamic', '2.0.0' ]
165 verbose addNamed [ '2.0.0', '2.0.0' ]
166 silly lockFile feea2851-r-platform-browser-dynamic-2-0-0 angular/platform-browser-dynamic@2.0.0
167 verbose lock angular/platform-browser-dynamic@2.0.0 C:\Users\Administrator\AppData\Roaming\npm-cache\feea2851-r-platform-browser-dynamic-2-0-0.lock
168 verbose cache add name="angular/router" spec="3.0.0" args=["angular/router","3.0.0"]
169 verbose parsed url { protocol: null,
169 verbose parsed url   slashes: null,
169 verbose parsed url   auth: null,
169 verbose parsed url   host: null,
169 verbose parsed url   port: null,
169 verbose parsed url   hostname: null,
169 verbose parsed url   hash: null,
169 verbose parsed url   search: null,
169 verbose parsed url   query: null,
169 verbose parsed url   pathname: '3.0.0',
169 verbose parsed url   path: '3.0.0',
169 verbose parsed url   href: '3.0.0' }
170 verbose addNamed [ 'angular/router', '3.0.0' ]
171 verbose addNamed [ '3.0.0', '3.0.0' ]
172 silly lockFile 72aca4b2-angular-router-3-0-0 angular/router@3.0.0
173 verbose lock angular/router@3.0.0 C:\Users\Administrator\AppData\Roaming\npm-cache\72aca4b2-angular-router-3-0-0.lock
174 verbose cache add name="angular/upgrade" spec="2.0.0" args=["angular/upgrade","2.0.0"]
175 verbose parsed url { protocol: null,
175 verbose parsed url   slashes: null,
175 verbose parsed url   auth: null,
175 verbose parsed url   host: null,
175 verbose parsed url   port: null,
175 verbose parsed url   hostname: null,
175 verbose parsed url   hash: null,
175 verbose parsed url   search: null,
175 verbose parsed url   query: null,
175 verbose parsed url   pathname: '2.0.0',
175 verbose parsed url   path: '2.0.0',
175 verbose parsed url   href: '2.0.0' }
176 verbose addNamed [ 'angular/upgrade', '2.0.0' ]
177 verbose addNamed [ '2.0.0', '2.0.0' ]
178 silly lockFile 81a5ce24-angular-upgrade-2-0-0 angular/upgrade@2.0.0
179 verbose lock angular/upgrade@2.0.0 C:\Users\Administrator\AppData\Roaming\npm-cache\81a5ce24-angular-upgrade-2-0-0.lock
180 verbose cache add [ 'gulp@^3.9.1', null ]
181 verbose cache add name=undefined spec="gulp@^3.9.1" args=["gulp@^3.9.1",null]
182 verbose parsed url { protocol: null,
182 verbose parsed url   slashes: null,
182 verbose parsed url   auth: null,
182 verbose parsed url   host: null,
182 verbose parsed url   port: null,
182 verbose parsed url   hostname: null,
182 verbose parsed url   hash: null,
182 verbose parsed url   search: null,
182 verbose parsed url   query: null,
182 verbose parsed url   pathname: 'gulp@^3.9.1',
182 verbose parsed url   path: 'gulp@^3.9.1',
182 verbose parsed url   href: 'gulp@^3.9.1' }
183 verbose cache add name="gulp" spec="^3.9.1" args=["gulp","^3.9.1"]
184 verbose parsed url { protocol: null,
184 verbose parsed url   slashes: null,
184 verbose parsed url   auth: null,
184 verbose parsed url   host: null,
184 verbose parsed url   port: null,
184 verbose parsed url   hostname: null,
184 verbose parsed url   hash: null,
184 verbose parsed url   search: null,
184 verbose parsed url   query: null,
184 verbose parsed url   pathname: '^3.9.1',
184 verbose parsed url   path: '^3.9.1',
184 verbose parsed url   href: '^3.9.1' }
185 verbose addNamed [ 'gulp', '^3.9.1' ]
186 verbose addNamed [ null, '>=3.9.1-0 <4.0.0-0' ]
187 silly lockFile e5c114fc-gulp-3-9-1 gulp@^3.9.1
188 verbose lock gulp@^3.9.1 C:\Users\Administrator\AppData\Roaming\npm-cache\e5c114fc-gulp-3-9-1.lock
189 verbose cache add [ 'path@^0.12.7', null ]
190 verbose cache add name=undefined spec="path@^0.12.7" args=["path@^0.12.7",null]
191 verbose parsed url { protocol: null,
191 verbose parsed url   slashes: null,
191 verbose parsed url   auth: null,
191 verbose parsed url   host: null,
191 verbose parsed url   port: null,
191 verbose parsed url   hostname: null,
191 verbose parsed url   hash: null,
191 verbose parsed url   search: null,
191 verbose parsed url   query: null,
191 verbose parsed url   pathname: 'path@^0.12.7',
191 verbose parsed url   path: 'path@^0.12.7',
191 verbose parsed url   href: 'path@^0.12.7' }
192 verbose cache add name="path" spec="^0.12.7" args=["path","^0.12.7"]
193 verbose parsed url { protocol: null,
193 verbose parsed url   slashes: null,
193 verbose parsed url   auth: null,
193 verbose parsed url   host: null,
193 verbose parsed url   port: null,
193 verbose parsed url   hostname: null,
193 verbose parsed url   hash: null,
193 verbose parsed url   search: null,
193 verbose parsed url   query: null,
193 verbose parsed url   pathname: '^0.12.7',
193 verbose parsed url   path: '^0.12.7',
193 verbose parsed url   href: '^0.12.7' }
194 verbose addNamed [ 'path', '^0.12.7' ]
195 verbose addNamed [ null, '>=0.12.7-0 <0.13.0-0' ]
196 silly lockFile b89ee5ab-path-0-12-7 path@^0.12.7
197 verbose lock path@^0.12.7 C:\Users\Administrator\AppData\Roaming\npm-cache\b89ee5ab-path-0-12-7.lock
198 verbose cache add [ 'gulp-clean@^0.3.2', null ]
199 verbose cache add name=undefined spec="gulp-clean@^0.3.2" args=["gulp-clean@^0.3.2",null]
200 verbose parsed url { protocol: null,
200 verbose parsed url   slashes: null,
200 verbose parsed url   auth: null,
200 verbose parsed url   host: null,
200 verbose parsed url   port: null,
200 verbose parsed url   hostname: null,
200 verbose parsed url   hash: null,
200 verbose parsed url   search: null,
200 verbose parsed url   query: null,
200 verbose parsed url   pathname: 'gulp-clean@^0.3.2',
200 verbose parsed url   path: 'gulp-clean@^0.3.2',
200 verbose parsed url   href: 'gulp-clean@^0.3.2' }
201 verbose cache add name="gulp-clean" spec="^0.3.2" args=["gulp-clean","^0.3.2"]
202 verbose parsed url { protocol: null,
202 verbose parsed url   slashes: null,
202 verbose parsed url   auth: null,
202 verbose parsed url   host: null,
202 verbose parsed url   port: null,
202 verbose parsed url   hostname: null,
202 verbose parsed url   hash: null,
202 verbose parsed url   search: null,
202 verbose parsed url   query: null,
202 verbose parsed url   pathname: '^0.3.2',
202 verbose parsed url   path: '^0.3.2',
202 verbose parsed url   href: '^0.3.2' }
203 verbose addNamed [ 'gulp-clean', '^0.3.2' ]
204 verbose addNamed [ null, '>=0.3.2-0 <0.4.0-0' ]
205 silly lockFile 29a6dce9-gulp-clean-0-3-2 gulp-clean@^0.3.2
206 verbose lock gulp-clean@^0.3.2 C:\Users\Administrator\AppData\Roaming\npm-cache\29a6dce9-gulp-clean-0-3-2.lock
207 verbose cache add [ 'gulp-concat@^2.6.0', null ]
208 verbose cache add name=undefined spec="gulp-concat@^2.6.0" args=["gulp-concat@^2.6.0",null]
209 verbose parsed url { protocol: null,
209 verbose parsed url   slashes: null,
209 verbose parsed url   auth: null,
209 verbose parsed url   host: null,
209 verbose parsed url   port: null,
209 verbose parsed url   hostname: null,
209 verbose parsed url   hash: null,
209 verbose parsed url   search: null,
209 verbose parsed url   query: null,
209 verbose parsed url   pathname: 'gulp-concat@^2.6.0',
209 verbose parsed url   path: 'gulp-concat@^2.6.0',
209 verbose parsed url   href: 'gulp-concat@^2.6.0' }
210 verbose cache add name="gulp-concat" spec="^2.6.0" args=["gulp-concat","^2.6.0"]
211 verbose parsed url { protocol: null,
211 verbose parsed url   slashes: null,
211 verbose parsed url   auth: null,
211 verbose parsed url   host: null,
211 verbose parsed url   port: null,
211 verbose parsed url   hostname: null,
211 verbose parsed url   hash: null,
211 verbose parsed url   search: null,
211 verbose parsed url   query: null,
211 verbose parsed url   pathname: '^2.6.0',
211 verbose parsed url   path: '^2.6.0',
211 verbose parsed url   href: '^2.6.0' }
212 verbose addNamed [ 'gulp-concat', '^2.6.0' ]
213 verbose addNamed [ null, '>=2.6.0-0 <3.0.0-0' ]
214 silly lockFile 743f1d08-gulp-concat-2-6-0 gulp-concat@^2.6.0
215 verbose lock gulp-concat@^2.6.0 C:\Users\Administrator\AppData\Roaming\npm-cache\743f1d08-gulp-concat-2-6-0.lock
216 verbose cache add [ 'gulp-typescript@^2.13.6', null ]
217 verbose cache add name=undefined spec="gulp-typescript@^2.13.6" args=["gulp-typescript@^2.13.6",null]
218 verbose parsed url { protocol: null,
218 verbose parsed url   slashes: null,
218 verbose parsed url   auth: null,
218 verbose parsed url   host: null,
218 verbose parsed url   port: null,
218 verbose parsed url   hostname: null,
218 verbose parsed url   hash: null,
218 verbose parsed url   search: null,
218 verbose parsed url   query: null,
218 verbose parsed url   pathname: 'gulp-typescript@^2.13.6',
218 verbose parsed url   path: 'gulp-typescript@^2.13.6',
218 verbose parsed url   href: 'gulp-typescript@^2.13.6' }
219 verbose cache add name="gulp-typescript" spec="^2.13.6" args=["gulp-typescript","^2.13.6"]
220 verbose parsed url { protocol: null,
220 verbose parsed url   slashes: null,
220 verbose parsed url   auth: null,
220 verbose parsed url   host: null,
220 verbose parsed url   port: null,
220 verbose parsed url   hostname: null,
220 verbose parsed url   hash: null,
220 verbose parsed url   search: null,
220 verbose parsed url   query: null,
220 verbose parsed url   pathname: '^2.13.6',
220 verbose parsed url   path: '^2.13.6',
220 verbose parsed url   href: '^2.13.6' }
221 verbose addNamed [ 'gulp-typescript', '^2.13.6' ]
222 verbose addNamed [ null, '>=2.13.6-0 <3.0.0-0' ]
223 silly lockFile 9880635e-gulp-typescript-2-13-6 gulp-typescript@^2.13.6
224 verbose lock gulp-typescript@^2.13.6 C:\Users\Administrator\AppData\Roaming\npm-cache\9880635e-gulp-typescript-2-13-6.lock
225 verbose cache add [ 'gulp-tsc@^1.2.0', null ]
226 verbose cache add name=undefined spec="gulp-tsc@^1.2.0" args=["gulp-tsc@^1.2.0",null]
227 verbose parsed url { protocol: null,
227 verbose parsed url   slashes: null,
227 verbose parsed url   auth: null,
227 verbose parsed url   host: null,
227 verbose parsed url   port: null,
227 verbose parsed url   hostname: null,
227 verbose parsed url   hash: null,
227 verbose parsed url   search: null,
227 verbose parsed url   query: null,
227 verbose parsed url   pathname: 'gulp-tsc@^1.2.0',
227 verbose parsed url   path: 'gulp-tsc@^1.2.0',
227 verbose parsed url   href: 'gulp-tsc@^1.2.0' }
228 verbose cache add name="gulp-tsc" spec="^1.2.0" args=["gulp-tsc","^1.2.0"]
229 verbose parsed url { protocol: null,
229 verbose parsed url   slashes: null,
229 verbose parsed url   auth: null,
229 verbose parsed url   host: null,
229 verbose parsed url   port: null,
229 verbose parsed url   hostname: null,
229 verbose parsed url   hash: null,
229 verbose parsed url   search: null,
229 verbose parsed url   query: null,
229 verbose parsed url   pathname: '^1.2.0',
229 verbose parsed url   path: '^1.2.0',
229 verbose parsed url   href: '^1.2.0' }
230 verbose addNamed [ 'gulp-tsc', '^1.2.0' ]
231 verbose addNamed [ null, '>=1.2.0-0 <2.0.0-0' ]
232 silly lockFile 052f8790-gulp-tsc-1-2-0 gulp-tsc@^1.2.0
233 verbose lock gulp-tsc@^1.2.0 C:\Users\Administrator\AppData\Roaming\npm-cache\052f8790-gulp-tsc-1-2-0.lock
234 silly addNameRange { name: 'typescript',
234 silly addNameRange   range: '>=2.0.2-0 <3.0.0-0',
234 silly addNameRange   hasData: false }
235 silly addNameRange { name: 'core-js', range: '>=2.4.1-0 <3.0.0-0', hasData: false }
236 silly addNameRange { name: 'reflect-metadata',
236 silly addNameRange   range: '>=0.1.3-0 <0.2.0-0',
236 silly addNameRange   hasData: false }
237 silly addNameRange { name: 'typings', range: '>=1.3.2-0 <2.0.0-0', hasData: false }
238 silly addNameRange { name: 'zone.js', range: '>=0.6.23-0 <0.7.0-0', hasData: false }
239 silly addNameRange { name: 'path', range: '>=0.12.7-0 <0.13.0-0', hasData: false }
240 silly addNameRange { name: 'gulp-clean',
240 silly addNameRange   range: '>=0.3.2-0 <0.4.0-0',
240 silly addNameRange   hasData: false }
241 silly addNameRange { name: 'gulp-concat',
241 silly addNameRange   range: '>=2.6.0-0 <3.0.0-0',
241 silly addNameRange   hasData: false }
242 silly addNameRange { name: 'gulp-typescript',
242 silly addNameRange   range: '>=2.13.6-0 <3.0.0-0',
242 silly addNameRange   hasData: false }
243 silly addNameRange { name: 'gulp', range: '>=3.9.1-0 <4.0.0-0', hasData: false }
244 silly addNameRange { name: 'gulp-tsc', range: '>=1.2.0-0 <2.0.0-0', hasData: false }
245 verbose url raw path
246 verbose url resolving [ 'https://registry.npmjs.org/', './path' ]
247 verbose url resolved https://registry.npmjs.org/path
248 info trying registry request attempt 1 at 11:02:59
249 http GET https://registry.npmjs.org/path
250 verbose url raw gulp-clean
251 verbose url resolving [ 'https://registry.npmjs.org/', './gulp-clean' ]
252 verbose url resolved https://registry.npmjs.org/gulp-clean
253 info trying registry request attempt 1 at 11:02:59
254 http GET https://registry.npmjs.org/gulp-clean
255 verbose url raw gulp-concat
256 verbose url resolving [ 'https://registry.npmjs.org/', './gulp-concat' ]
257 verbose url resolved https://registry.npmjs.org/gulp-concat
258 info trying registry request attempt 1 at 11:02:59
259 http GET https://registry.npmjs.org/gulp-concat
260 verbose url raw gulp
261 verbose url resolving [ 'https://registry.npmjs.org/', './gulp' ]
262 verbose url resolved https://registry.npmjs.org/gulp
263 info trying registry request attempt 1 at 11:02:59
264 http GET https://registry.npmjs.org/gulp
265 verbose url raw gulp-typescript
266 verbose url resolving [ 'https://registry.npmjs.org/', './gulp-typescript' ]
267 verbose url resolved https://registry.npmjs.org/gulp-typescript
268 info trying registry request attempt 1 at 11:02:59
269 http GET https://registry.npmjs.org/gulp-typescript
270 verbose url raw gulp-tsc
271 verbose url resolving [ 'https://registry.npmjs.org/', './gulp-tsc' ]
272 verbose url resolved https://registry.npmjs.org/gulp-tsc
273 info trying registry request attempt 1 at 11:02:59
274 http GET https://registry.npmjs.org/gulp-tsc
275 verbose url raw reflect-metadata
276 verbose url resolving [ 'https://registry.npmjs.org/', './reflect-metadata' ]
277 verbose url resolved https://registry.npmjs.org/reflect-metadata
278 info trying registry request attempt 1 at 11:02:59
279 verbose etag "A9BFZR99S029FZAI7W1VAXXIH"
280 http GET https://registry.npmjs.org/reflect-metadata
281 verbose url raw angular2-in-memory-web-api
282 verbose url resolving [ 'https://registry.npmjs.org/',
282 verbose url resolving   './angular2-in-memory-web-api' ]
283 verbose url resolved https://registry.npmjs.org/angular2-in-memory-web-api
284 info trying registry request attempt 1 at 11:02:59
285 verbose etag "8CTG0HLEMVEYSLPWF6V5FAGA9"
286 http GET https://registry.npmjs.org/angular2-in-memory-web-api
287 verbose url raw core-js
288 verbose url resolving [ 'https://registry.npmjs.org/', './core-js' ]
289 verbose url resolved https://registry.npmjs.org/core-js
290 info trying registry request attempt 1 at 11:02:59
291 verbose etag "AR3UWPMPS46WBZW4MRSVLIQF0"
292 http GET https://registry.npmjs.org/core-js
293 verbose url raw rxjs
294 verbose url resolving [ 'https://registry.npmjs.org/', './rxjs' ]
295 verbose url resolved https://registry.npmjs.org/rxjs
296 info trying registry request attempt 1 at 11:02:59
297 verbose etag "A0AO3I4DQUV0RN6Z1LX17AJ6T"
298 http GET https://registry.npmjs.org/rxjs
299 verbose url raw systemjs
300 verbose url resolving [ 'https://registry.npmjs.org/', './systemjs' ]
301 verbose url resolved https://registry.npmjs.org/systemjs
302 info trying registry request attempt 1 at 11:02:59
303 verbose etag "ERF5SEN7L1SEH646OJMWF07X9"
304 http GET https://registry.npmjs.org/systemjs
305 verbose url raw angular/common
306 verbose url resolving [ 'https://registry.npmjs.org/', './angular/common' ]
307 verbose url resolved https://registry.npmjs.org/angular/common
308 info trying registry request attempt 1 at 11:02:59
309 http GET https://registry.npmjs.org/angular/common
310 verbose url raw angular/http
311 verbose url resolving [ 'https://registry.npmjs.org/', './angular/http' ]
312 verbose url resolved https://registry.npmjs.org/angular/http
313 info trying registry request attempt 1 at 11:02:59
314 http GET https://registry.npmjs.org/angular/http
315 verbose url raw angular/core
316 verbose url resolving [ 'https://registry.npmjs.org/', './angular/core' ]
317 verbose url resolved https://registry.npmjs.org/angular/core
318 info trying registry request attempt 1 at 11:02:59
319 http GET https://registry.npmjs.org/angular/core
320 verbose url raw angular/router
321 verbose url resolving [ 'https://registry.npmjs.org/', './angular/router' ]
322 verbose url resolved https://registry.npmjs.org/angular/router
323 info trying registry request attempt 1 at 11:02:59
324 http GET https://registry.npmjs.org/angular/router
325 verbose url raw angular/compiler
326 verbose url resolving [ 'https://registry.npmjs.org/', './angular/compiler' ]
327 verbose url resolved https://registry.npmjs.org/angular/compiler
328 info trying registry request attempt 1 at 11:02:59
329 http GET https://registry.npmjs.org/angular/compiler
330 verbose url raw angular/platform-browser
331 verbose url resolving [ 'https://registry.npmjs.org/', './angular/platform-browser' ]
332 verbose url resolved https://registry.npmjs.org/angular/platform-browser
333 info trying registry request attempt 1 at 11:02:59
334 http GET https://registry.npmjs.org/angular/platform-browser
335 verbose url raw angular/forms
336 verbose url resolving [ 'https://registry.npmjs.org/', './angular/forms' ]
337 verbose url resolved https://registry.npmjs.org/angular/forms
338 info trying registry request attempt 1 at 11:02:59
339 http GET https://registry.npmjs.org/angular/forms
340 verbose url raw angular/platform-browser-dynamic
341 verbose url resolving [ 'https://registry.npmjs.org/',
341 verbose url resolving   './angular/platform-browser-dynamic' ]
342 verbose url resolved https://registry.npmjs.org/angular/platform-browser-dynamic
343 info trying registry request attempt 1 at 11:02:59
344 http GET https://registry.npmjs.org/angular/platform-browser-dynamic
345 verbose url raw angular/upgrade
346 verbose url resolving [ 'https://registry.npmjs.org/', './angular/upgrade' ]
347 verbose url resolved https://registry.npmjs.org/angular/upgrade
348 info trying registry request attempt 1 at 11:02:59
349 http GET https://registry.npmjs.org/angular/upgrade
350 verbose url raw typings
351 verbose url resolving [ 'https://registry.npmjs.org/', './typings' ]
352 verbose url resolved https://registry.npmjs.org/typings
353 info trying registry request attempt 1 at 11:02:59
354 verbose etag "55INT755HCFMEBR3MGKGWNT6Y"
355 http GET https://registry.npmjs.org/typings
356 verbose url raw zone.js
357 verbose url resolving [ 'https://registry.npmjs.org/', './zone.js' ]
358 verbose url resolved https://registry.npmjs.org/zone.js
359 info trying registry request attempt 1 at 11:02:59
360 verbose etag "E3ZJSYLKKU0AAEJ51EG3MWXA9"
361 http GET https://registry.npmjs.org/zone.js
362 verbose url raw typescript
363 verbose url resolving [ 'https://registry.npmjs.org/', './typescript' ]
364 verbose url resolved https://registry.npmjs.org/typescript
365 info trying registry request attempt 1 at 11:02:59
366 verbose etag "4OSPGJJF7WFRYVNIG6BO03M41"
367 http GET https://registry.npmjs.org/typescript
368 http 200 https://registry.npmjs.org/path
369 silly registry.get cb [ 200,
369 silly registry.get   { server: 'CouchDB/1.5.0 (Erlang OTP/R16B03)',
369 silly registry.get     etag: '"21FYDJQ4J83TC6ADEI6BRIFQF"',
369 silly registry.get     'content-type': 'application/json',
369 silly registry.get     'content-encoding': 'gzip',
369 silly registry.get     'cache-control': 'max-age=300',
369 silly registry.get     'content-length': '1815',
369 silly registry.get     'accept-ranges': 'bytes',
369 silly registry.get     date: 'Wed, 26 Oct 2016 03:02:57 GMT',
369 silly registry.get     via: '1.1 varnish',
369 silly registry.get     age: '131',
369 silly registry.get     connection: 'keep-alive',
369 silly registry.get     'x-served-by': 'cache-lcy1125-LCY',
369 silly registry.get     'x-cache': 'HIT',
369 silly registry.get     'x-cache-hits': '1',
369 silly registry.get     'x-timer': 'S1477450977.936623,VS0,VE0',
369 silly registry.get     vary: 'Accept-Encoding' } ]
370 http 200 https://registry.npmjs.org/gulp-concat
371 silly registry.get cb [ 200,
371 silly registry.get   { server: 'CouchDB/1.5.0 (Erlang OTP/R16B03)',
371 silly registry.get     etag: '"9OH7S5EP6A0KAAHW7QSIMNJOW"',
371 silly registry.get     'content-type': 'application/json',
371 silly registry.get     'content-encoding': 'gzip',
371 silly registry.get     'cache-control': 'max-age=300',
371 silly registry.get     'content-length': '7985',
371 silly registry.get     'accept-ranges': 'bytes',
371 silly registry.get     date: 'Wed, 26 Oct 2016 03:02:57 GMT',
371 silly registry.get     via: '1.1 varnish',
371 silly registry.get     age: '198',
371 silly registry.get     connection: 'keep-alive',
371 silly registry.get     'x-served-by': 'cache-lcy1139-LCY',
371 silly registry.get     'x-cache': 'HIT',
371 silly registry.get     'x-cache-hits': '1',
371 silly registry.get     'x-timer': 'S1477450977.561289,VS0,VE0',
371 silly registry.get     vary: 'Accept-Encoding' } ]
372 silly addNameRange number 2 { name: 'gulp-concat',
372 silly addNameRange   range: '>=2.6.0-0 <3.0.0-0',
372 silly addNameRange   hasData: true }
373 silly addNameRange versions [ 'gulp-concat',
373 silly addNameRange   [ '0.0.1',
373 silly addNameRange     '1.0.0',
373 silly addNameRange     '1.1.0',
373 silly addNameRange     '2.0.0',
373 silly addNameRange     '2.1.0',
373 silly addNameRange     '2.1.1',
373 silly addNameRange     '2.1.2',
373 silly addNameRange     '2.1.3',
373 silly addNameRange     '2.1.4',
373 silly addNameRange     '2.1.5',
373 silly addNameRange     '2.1.6',
373 silly addNameRange     '2.1.7',
373 silly addNameRange     '2.2.0',
373 silly addNameRange     '2.3.0',
373 silly addNameRange     '2.3.3',
373 silly addNameRange     '2.3.4',
373 silly addNameRange     '2.3.5',
373 silly addNameRange     '2.4.0',
373 silly addNameRange     '2.4.1',
373 silly addNameRange     '2.4.2',
373 silly addNameRange     '2.4.3',
373 silly addNameRange     '2.5.0',
373 silly addNameRange     '2.5.1',
373 silly addNameRange     '2.5.2',
373 silly addNameRange     '2.6.0' ] ]
374 verbose addNamed [ 'gulp-concat', '2.6.0' ]
375 verbose addNamed [ '2.6.0', '2.6.0' ]
376 silly lockFile 03b8a742-gulp-concat-2-6-0 gulp-concat@2.6.0
377 verbose lock gulp-concat@2.6.0 C:\Users\Administrator\AppData\Roaming\npm-cache\03b8a742-gulp-concat-2-6-0.lock
378 silly addNameRange number 2 { name: 'path', range: '>=0.12.7-0 <0.13.0-0', hasData: true }
379 silly addNameRange versions [ 'path', [ '0.4.9', '0.4.10', '0.11.14', '0.12.7' ] ]
380 verbose addNamed [ 'path', '0.12.7' ]
381 verbose addNamed [ '0.12.7', '0.12.7' ]
382 silly lockFile 423c0001-path-0-12-7 path@0.12.7
383 verbose lock path@0.12.7 C:\Users\Administrator\AppData\Roaming\npm-cache\423c0001-path-0-12-7.lock
384 silly lockFile d1fc4304-y-npmjs-org-path-path-0-12-7-tgz https://registry.npmjs.org/path/-/path-0.12.7.tgz
385 verbose lock https://registry.npmjs.org/path/-/path-0.12.7.tgz C:\Users\Administrator\AppData\Roaming\npm-cache\d1fc4304-y-npmjs-org-path-path-0-12-7-tgz.lock
386 verbose addRemoteTarball [ 'https://registry.npmjs.org/path/-/path-0.12.7.tgz',
386 verbose addRemoteTarball   'd4dc2a506c4ce2197eb481ebfcd5b36c0140b10f' ]
387 info retry fetch attempt 1 at 11:03:01
388 verbose fetch to= C:\Users\ADMINI~1\AppData\Local\Temp\npm-1208-w_Tkd3wg\1477450981536-0.8536712191998959\tmp.tgz
389 http GET https://registry.npmjs.org/path/-/path-0.12.7.tgz
390 silly lockFile 03b8a742-gulp-concat-2-6-0 gulp-concat@2.6.0
391 silly lockFile 03b8a742-gulp-concat-2-6-0 gulp-concat@2.6.0
392 silly lockFile 743f1d08-gulp-concat-2-6-0 gulp-concat@^2.6.0
393 silly lockFile 743f1d08-gulp-concat-2-6-0 gulp-concat@^2.6.0
394 http 200 https://registry.npmjs.org/gulp
395 silly registry.get cb [ 200,
395 silly registry.get   { server: 'CouchDB/1.5.0 (Erlang OTP/R16B03)',
395 silly registry.get     etag: '"9GJ5YN7MKT60YK8ELX4F41Z2I"',
395 silly registry.get     'content-type': 'application/json',
395 silly registry.get     'content-encoding': 'gzip',
395 silly registry.get     'cache-control': 'max-age=300',
395 silly registry.get     'content-length': '19208',
395 silly registry.get     'accept-ranges': 'bytes',
395 silly registry.get     date: 'Wed, 26 Oct 2016 03:02:57 GMT',
395 silly registry.get     via: '1.1 varnish',
395 silly registry.get     age: '11',
395 silly registry.get     connection: 'keep-alive',
395 silly registry.get     'x-served-by': 'cache-lcy1131-LCY',
395 silly registry.get     'x-cache': 'HIT',
395 silly registry.get     'x-cache-hits': '1',
395 silly registry.get     'x-timer': 'S1477450977.567476,VS0,VE0',
395 silly registry.get     vary: 'Accept-Encoding' } ]
396 silly addNameRange number 2 { name: 'gulp', range: '>=3.9.1-0 <4.0.0-0', hasData: true }
397 silly addNameRange versions [ 'gulp',
397 silly addNameRange   [ '0.0.1',
397 silly addNameRange     '0.0.2',
397 silly addNameRange     '0.0.3',
397 silly addNameRange     '0.0.4',
397 silly addNameRange     '0.0.5',
397 silly addNameRange     '0.0.7',
397 silly addNameRange     '0.0.8',
397 silly addNameRange     '0.0.9',
397 silly addNameRange     '0.1.0',
397 silly addNameRange     '0.2.0',
397 silly addNameRange     '1.0.0',
397 silly addNameRange     '1.1.0',
397 silly addNameRange     '1.2.0',
397 silly addNameRange     '1.2.1',
397 silly addNameRange     '2.0.0',
397 silly addNameRange     '2.0.1',
397 silly addNameRange     '2.1.0',
397 silly addNameRange     '2.2.0',
397 silly addNameRange     '2.3.0',
397 silly addNameRange     '2.4.0',
397 silly addNameRange     '2.4.1',
397 silly addNameRange     '2.6.0',
397 silly addNameRange     '2.6.1',
397 silly addNameRange     '2.7.0',
397 silly addNameRange     '3.0.0',
397 silly addNameRange     '3.1.1',
397 silly addNameRange     '3.1.2',
397 silly addNameRange     '3.1.3',
397 silly addNameRange     '3.1.4',
397 silly addNameRange     '3.2.0',
397 silly addNameRange     '3.2.1',
397 silly addNameRange     '3.2.2',
397 silly addNameRange     '3.2.3',
397 silly addNameRange     '3.2.4',
397 silly addNameRange     '3.2.5',
397 silly addNameRange     '3.3.0',
397 silly addNameRange     '3.3.1',
397 silly addNameRange     '3.3.2',
397 silly addNameRange     '3.3.4',
397 silly addNameRange     '3.4.0',
397 silly addNameRange     '3.5.0',
397 silly addNameRange     '3.5.1',
397 silly addNameRange     '3.5.2',
397 silly addNameRange     '3.5.5',
397 silly addNameRange     '3.5.6',
397 silly addNameRange     '3.6.0',
397 silly addNameRange     '3.6.1',
397 silly addNameRange     '3.6.2',
397 silly addNameRange     '3.7.0',
397 silly addNameRange     '3.8.0',
397 silly addNameRange     '3.8.1',
397 silly addNameRange     '3.8.2',
397 silly addNameRange     '3.8.3',
397 silly addNameRange     '3.8.4',
397 silly addNameRange     '3.8.5',
397 silly addNameRange     '3.8.6',
397 silly addNameRange     '3.8.7',
397 silly addNameRange     '3.8.8',
397 silly addNameRange     '3.8.9',
397 silly addNameRange     '3.8.10',
397 silly addNameRange     '3.8.11',
397 silly addNameRange     '3.9.0',
397 silly addNameRange     '3.9.1' ] ]
398 verbose addNamed [ 'gulp', '3.9.1' ]
399 verbose addNamed [ '3.9.1', '3.9.1' ]
400 silly lockFile d9f1ef79-gulp-3-9-1 gulp@3.9.1
401 verbose lock gulp@3.9.1 C:\Users\Administrator\AppData\Roaming\npm-cache\d9f1ef79-gulp-3-9-1.lock
402 silly lockFile d9f1ef79-gulp-3-9-1 gulp@3.9.1
403 silly lockFile d9f1ef79-gulp-3-9-1 gulp@3.9.1
404 silly lockFile e5c114fc-gulp-3-9-1 gulp@^3.9.1
405 silly lockFile e5c114fc-gulp-3-9-1 gulp@^3.9.1
406 http 200 https://registry.npmjs.org/reflect-metadata
407 silly registry.get cb [ 200,
407 silly registry.get   { server: 'CouchDB/1.5.0 (Erlang OTP/R16B03)',
407 silly registry.get     etag: '"D4GO0I30YQSD17ETTXWA2YIJD"',
407 silly registry.get     'content-type': 'application/json',
407 silly registry.get     'content-encoding': 'gzip',
407 silly registry.get     'cache-control': 'max-age=300',
407 silly registry.get     'content-length': '5289',
407 silly registry.get     'accept-ranges': 'bytes',
407 silly registry.get     date: 'Wed, 26 Oct 2016 03:02:58 GMT',
407 silly registry.get     via: '1.1 varnish',
407 silly registry.get     age: '219',
407 silly registry.get     connection: 'keep-alive',
407 silly registry.get     'x-served-by': 'cache-lcy1125-LCY',
407 silly registry.get     'x-cache': 'HIT',
407 silly registry.get     'x-cache-hits': '1',
407 silly registry.get     'x-timer': 'S1477450978.236149,VS0,VE0',
407 silly registry.get     vary: 'Accept-Encoding' } ]
408 silly addNameRange number 2 { name: 'reflect-metadata',
408 silly addNameRange   range: '>=0.1.3-0 <0.2.0-0',
408 silly addNameRange   hasData: true }
409 silly addNameRange versions [ 'reflect-metadata',
409 silly addNameRange   [ '0.0.2',
409 silly addNameRange     '0.0.3',
409 silly addNameRange     '0.1.0',
409 silly addNameRange     '0.1.1',
409 silly addNameRange     '0.1.2',
409 silly addNameRange     '0.1.3',
409 silly addNameRange     '0.1.4',
409 silly addNameRange     '0.1.5',
409 silly addNameRange     '0.1.6',
409 silly addNameRange     '0.1.7',
409 silly addNameRange     '0.1.8' ] ]
410 verbose addNamed [ 'reflect-metadata', '0.1.8' ]
411 verbose addNamed [ '0.1.8', '0.1.8' ]
412 silly lockFile d7a72228-reflect-metadata-0-1-8 reflect-metadata@0.1.8
413 verbose lock reflect-metadata@0.1.8 C:\Users\Administrator\AppData\Roaming\npm-cache\d7a72228-reflect-metadata-0-1-8.lock
414 silly lockFile 0c6596c7-adata-reflect-metadata-0-1-8-tgz https://registry.npmjs.org/reflect-metadata/-/reflect-metadata-0.1.8.tgz
415 verbose lock https://registry.npmjs.org/reflect-metadata/-/reflect-metadata-0.1.8.tgz C:\Users\Administrator\AppData\Roaming\npm-cache\0c6596c7-adata-reflect-metadata-0-1-8-tgz.lock
416 verbose addRemoteTarball [ 'https://registry.npmjs.org/reflect-metadata/-/reflect-metadata-0.1.8.tgz',
416 verbose addRemoteTarball   '72426d570b60776e3688968bd5ab9537a15cecf6' ]
417 info retry fetch attempt 1 at 11:03:01
418 verbose fetch to= C:\Users\ADMINI~1\AppData\Local\Temp\npm-1208-w_Tkd3wg\1477450981864-0.5870664990507066\tmp.tgz
419 http GET https://registry.npmjs.org/reflect-metadata/-/reflect-metadata-0.1.8.tgz
420 http 200 https://registry.npmjs.org/gulp-clean
421 silly registry.get cb [ 200,
421 silly registry.get   { server: 'CouchDB/1.5.0 (Erlang OTP/R16B03)',
421 silly registry.get     etag: '"2QDG47M52HWC8EJ2AGSWXE8ID"',
421 silly registry.get     'content-type': 'application/json',
421 silly registry.get     'content-encoding': 'gzip',
421 silly registry.get     'cache-control': 'max-age=300',
421 silly registry.get     'content-length': '3310',
421 silly registry.get     'accept-ranges': 'bytes',
421 silly registry.get     date: 'Wed, 26 Oct 2016 03:02:58 GMT',
421 silly registry.get     via: '1.1 varnish',
421 silly registry.get     age: '264',
421 silly registry.get     connection: 'keep-alive',
421 silly registry.get     'x-served-by': 'cache-lcy1146-LCY',
421 silly registry.get     'x-cache': 'HIT',
421 silly registry.get     'x-cache-hits': '1',
421 silly registry.get     'x-timer': 'S1477450978.490767,VS0,VE0',
421 silly registry.get     vary: 'Accept-Encoding' } ]
422 silly addNameRange number 2 { name: 'gulp-clean',
422 silly addNameRange   range: '>=0.3.2-0 <0.4.0-0',
422 silly addNameRange   hasData: true }
423 silly addNameRange versions [ 'gulp-clean',
423 silly addNameRange   [ '0.1.1',
423 silly addNameRange     '0.1.2',
423 silly addNameRange     '0.1.3',
423 silly addNameRange     '0.2.0',
423 silly addNameRange     '0.2.1',
423 silly addNameRange     '0.2.2',
423 silly addNameRange     '0.2.3',
423 silly addNameRange     '0.2.4',
423 silly addNameRange     '0.3.0',
423 silly addNameRange     '0.3.1',
423 silly addNameRange     '0.3.2' ] ]
424 verbose addNamed [ 'gulp-clean', '0.3.2' ]
425 verbose addNamed [ '0.3.2', '0.3.2' ]
426 silly lockFile 4f10268a-gulp-clean-0-3-2 gulp-clean@0.3.2
427 verbose lock gulp-clean@0.3.2 C:\Users\Administrator\AppData\Roaming\npm-cache\4f10268a-gulp-clean-0-3-2.lock
428 silly lockFile 4f10268a-gulp-clean-0-3-2 gulp-clean@0.3.2
429 silly lockFile 4f10268a-gulp-clean-0-3-2 gulp-clean@0.3.2
430 silly lockFile 29a6dce9-gulp-clean-0-3-2 gulp-clean@^0.3.2
431 silly lockFile 29a6dce9-gulp-clean-0-3-2 gulp-clean@^0.3.2
432 http 200 https://registry.npmjs.org/gulp-typescript
433 silly registry.get cb [ 200,
433 silly registry.get   { server: 'CouchDB/1.5.0 (Erlang OTP/R16B03)',
433 silly registry.get     etag: '"DNKVVHFSJP7X4HFFVX0S0ENGU"',
433 silly registry.get     'content-type': 'application/json',
433 silly registry.get     'content-encoding': 'gzip',
433 silly registry.get     'cache-control': 'max-age=300',
433 silly registry.get     'content-length': '13806',
433 silly registry.get     'accept-ranges': 'bytes',
433 silly registry.get     date: 'Wed, 26 Oct 2016 03:02:58 GMT',
433 silly registry.get     via: '1.1 varnish',
433 silly registry.get     age: '245',
433 silly registry.get     connection: 'keep-alive',
433 silly registry.get     'x-served-by': 'cache-lcy1142-LCY',
433 silly registry.get     'x-cache': 'HIT',
433 silly registry.get     'x-cache-hits': '1',
433 silly registry.get     'x-timer': 'S1477450978.503596,VS0,VE0',
433 silly registry.get     vary: 'Accept-Encoding' } ]
434 silly addNameRange number 2 { name: 'gulp-typescript',
434 silly addNameRange   range: '>=2.13.6-0 <3.0.0-0',
434 silly addNameRange   hasData: true }
435 silly addNameRange versions [ 'gulp-typescript',
435 silly addNameRange   [ '0.1.0',
435 silly addNameRange     '0.2.0',
435 silly addNameRange     '0.3.0',
435 silly addNameRange     '0.3.1',
435 silly addNameRange     '1.0.0',
435 silly addNameRange     '2.0.0',
435 silly addNameRange     '2.1.0',
435 silly addNameRange     '2.2.0',
435 silly addNameRange     '2.2.1',
435 silly addNameRange     '2.3.0',
435 silly addNameRange     '2.4.0',
435 silly addNameRange     '2.4.1',
435 silly addNameRange     '2.4.2',
435 silly addNameRange     '2.5.0',
435 silly addNameRange     '2.6.0',
435 silly addNameRange     '2.7.0',
435 silly addNameRange     '2.7.1',
435 silly addNameRange     '2.7.2',
435 silly addNameRange     '2.7.3',
435 silly addNameRange     '2.7.4',
435 silly addNameRange     '2.7.5',
435 silly addNameRange     '2.7.6',
435 silly addNameRange     '2.7.7',
435 silly addNameRange     '2.7.8',
435 silly addNameRange     '2.8.0',
435 silly addNameRange     '2.8.1',
435 silly addNameRange     '2.8.2',
435 silly addNameRange     '2.8.3',
435 silly addNameRange     '2.9.0',
435 silly addNameRange     '2.9.1',
435 silly addNameRange     '2.9.2',
435 silly addNameRange     '2.10.0',
435 silly addNameRange     '2.11.0',
435 silly addNameRange     '2.12.0',
435 silly addNameRange     '2.12.1',
435 silly addNameRange     '2.12.2',
435 silly addNameRange     '2.13.0',
435 silly addNameRange     '2.13.1',
435 silly addNameRange     '2.13.2',
435 silly addNameRange     '2.13.3',
435 silly addNameRange     '2.13.4',
435 silly addNameRange     '2.13.5',
435 silly addNameRange     '2.13.6',
435 silly addNameRange     '2.14.0',
435 silly addNameRange     '2.14.1',
435 silly addNameRange     '3.0.0',
435 silly addNameRange     '3.0.1',
435 silly addNameRange     '3.0.2' ] ]
436 verbose addNamed [ 'gulp-typescript', '2.14.1' ]
437 verbose addNamed [ '2.14.1', '2.14.1' ]
438 silly lockFile 61f083c5-gulp-typescript-2-14-1 gulp-typescript@2.14.1
439 verbose lock gulp-typescript@2.14.1 C:\Users\Administrator\AppData\Roaming\npm-cache\61f083c5-gulp-typescript-2-14-1.lock
440 silly lockFile cdc5af5e-cript-gulp-typescript-2-14-1-tgz https://registry.npmjs.org/gulp-typescript/-/gulp-typescript-2.14.1.tgz
441 verbose lock https://registry.npmjs.org/gulp-typescript/-/gulp-typescript-2.14.1.tgz C:\Users\Administrator\AppData\Roaming\npm-cache\cdc5af5e-cript-gulp-typescript-2-14-1-tgz.lock
442 verbose addRemoteTarball [ 'https://registry.npmjs.org/gulp-typescript/-/gulp-typescript-2.14.1.tgz',
442 verbose addRemoteTarball   'bc00edf2ee71f09bda53fd1d0b873b571371d4de' ]
443 info retry fetch attempt 1 at 11:03:02
444 verbose fetch to= C:\Users\ADMINI~1\AppData\Local\Temp\npm-1208-w_Tkd3wg\1477450982395-0.16136730648577213\tmp.tgz
445 http 200 https://registry.npmjs.org/angular2-in-memory-web-api
446 silly registry.get cb [ 200,
446 silly registry.get   { server: 'CouchDB/1.5.0 (Erlang OTP/R16B03)',
446 silly registry.get     etag: '"6YQKVIXSVXDILJRSPKAL8ZTXP"',
446 silly registry.get     'content-type': 'application/json',
446 silly registry.get     'content-encoding': 'gzip',
446 silly registry.get     'cache-control': 'max-age=300',
446 silly registry.get     'content-length': '7678',
446 silly registry.get     'accept-ranges': 'bytes',
446 silly registry.get     date: 'Wed, 26 Oct 2016 03:02:58 GMT',
446 silly registry.get     via: '1.1 varnish',
446 silly registry.get     age: '161',
446 silly registry.get     connection: 'keep-alive',
446 silly registry.get     'x-served-by': 'cache-lcy1131-LCY',
446 silly registry.get     'x-cache': 'HIT',
446 silly registry.get     'x-cache-hits': '1',
446 silly registry.get     'x-timer': 'S1477450978.487929,VS0,VE0',
446 silly registry.get     vary: 'Accept-Encoding' } ]
447 http GET https://registry.npmjs.org/gulp-typescript/-/gulp-typescript-2.14.1.tgz
448 silly lockFile 5d5a6014-ar2-in-memory-web-api-0-0-20-tgz https://registry.npmjs.org/angular2-in-memory-web-api/-/angular2-in-memory-web-api-0.0.20.tgz
449 verbose lock https://registry.npmjs.org/angular2-in-memory-web-api/-/angular2-in-memory-web-api-0.0.20.tgz C:\Users\Administrator\AppData\Roaming\npm-cache\5d5a6014-ar2-in-memory-web-api-0-0-20-tgz.lock
450 verbose addRemoteTarball [ 'https://registry.npmjs.org/angular2-in-memory-web-api/-/angular2-in-memory-web-api-0.0.20.tgz',
450 verbose addRemoteTarball   'd7dd822c668a9788f18634e9acf6740daa70f67a' ]
451 info retry fetch attempt 1 at 11:03:02
452 verbose fetch to= C:\Users\ADMINI~1\AppData\Local\Temp\npm-1208-w_Tkd3wg\1477450982411-0.8894756664521992\tmp.tgz
453 http GET https://registry.npmjs.org/angular2-in-memory-web-api/-/angular2-in-memory-web-api-0.0.20.tgz
454 http 200 https://registry.npmjs.org/rxjs
455 silly registry.get cb [ 200,
455 silly registry.get   { server: 'CouchDB/1.5.0 (Erlang OTP/R16B03)',
455 silly registry.get     etag: '"47RCSIGRIDYI7LR1IXL61TKML"',
455 silly registry.get     'content-type': 'application/json',
455 silly registry.get     'content-encoding': 'gzip',
455 silly registry.get     'cache-control': 'max-age=300',
455 silly registry.get     'content-length': '11641',
455 silly registry.get     'accept-ranges': 'bytes',
455 silly registry.get     date: 'Wed, 26 Oct 2016 03:02:58 GMT',
455 silly registry.get     via: '1.1 varnish',
455 silly registry.get     age: '221',
455 silly registry.get     connection: 'keep-alive',
455 silly registry.get     'x-served-by': 'cache-lcy1146-LCY',
455 silly registry.get     'x-cache': 'HIT',
455 silly registry.get     'x-cache-hits': '2',
455 silly registry.get     'x-timer': 'S1477450978.800563,VS0,VE0',
455 silly registry.get     vary: 'Accept-Encoding' } ]
456 silly lockFile 01659114--org-rxjs-rxjs-5-0-0-beta-12-tgz https://registry.npmjs.org/rxjs/-/rxjs-5.0.0-beta.12.tgz
457 verbose lock https://registry.npmjs.org/rxjs/-/rxjs-5.0.0-beta.12.tgz C:\Users\Administrator\AppData\Roaming\npm-cache\01659114--org-rxjs-rxjs-5-0-0-beta-12-tgz.lock
458 verbose addRemoteTarball [ 'https://registry.npmjs.org/rxjs/-/rxjs-5.0.0-beta.12.tgz',
458 verbose addRemoteTarball   'cdfde2d8c4639d20ae7794bff8fddf32da7ad337' ]
459 info retry fetch attempt 1 at 11:03:02
460 verbose fetch to= C:\Users\ADMINI~1\AppData\Local\Temp\npm-1208-w_Tkd3wg\1477450982692-0.07678952906280756\tmp.tgz
461 http GET https://registry.npmjs.org/rxjs/-/rxjs-5.0.0-beta.12.tgz
462 http 200 https://registry.npmjs.org/path/-/path-0.12.7.tgz
463 verbose tar unpack C:\Users\ADMINI~1\AppData\Local\Temp\npm-1208-w_Tkd3wg\1477450981536-0.8536712191998959\tmp.tgz
464 silly lockFile 38d97d29-ng-npm-cache-path-0-12-7-package tar://C:\Users\Administrator\AppData\Roaming\npm-cache\path\0.12.7\package
465 verbose lock tar://C:\Users\Administrator\AppData\Roaming\npm-cache\path\0.12.7\package C:\Users\Administrator\AppData\Roaming\npm-cache\38d97d29-ng-npm-cache-path-0-12-7-package.lock
466 silly lockFile a5247e17-81536-0-8536712191998959-tmp-tgz tar://C:\Users\ADMINI~1\AppData\Local\Temp\npm-1208-w_Tkd3wg\1477450981536-0.8536712191998959\tmp.tgz
467 verbose lock tar://C:\Users\ADMINI~1\AppData\Local\Temp\npm-1208-w_Tkd3wg\1477450981536-0.8536712191998959\tmp.tgz C:\Users\Administrator\AppData\Roaming\npm-cache\a5247e17-81536-0-8536712191998959-tmp-tgz.lock
468 silly gunzTarPerm modes [ '755', '644' ]
469 silly gunzTarPerm extractEntry package.json
470 silly gunzTarPerm modified mode [ 'package.json', 438, 420 ]
471 silly gunzTarPerm extractEntry .npmignore
472 silly gunzTarPerm modified mode [ '.npmignore', 438, 420 ]
473 silly gunzTarPerm extractEntry README.md
474 silly gunzTarPerm modified mode [ 'README.md', 438, 420 ]
475 silly gunzTarPerm extractEntry LICENSE
476 silly gunzTarPerm modified mode [ 'LICENSE', 438, 420 ]
477 silly gunzTarPerm extractEntry path.js
478 silly gunzTarPerm modified mode [ 'path.js', 438, 420 ]
479 silly lockFile 38d97d29-ng-npm-cache-path-0-12-7-package tar://C:\Users\Administrator\AppData\Roaming\npm-cache\path\0.12.7\package
480 silly lockFile 38d97d29-ng-npm-cache-path-0-12-7-package tar://C:\Users\Administrator\AppData\Roaming\npm-cache\path\0.12.7\package
481 silly lockFile a5247e17-81536-0-8536712191998959-tmp-tgz tar://C:\Users\ADMINI~1\AppData\Local\Temp\npm-1208-w_Tkd3wg\1477450981536-0.8536712191998959\tmp.tgz
482 silly lockFile a5247e17-81536-0-8536712191998959-tmp-tgz tar://C:\Users\ADMINI~1\AppData\Local\Temp\npm-1208-w_Tkd3wg\1477450981536-0.8536712191998959\tmp.tgz
483 silly lockFile d1fc4304-y-npmjs-org-path-path-0-12-7-tgz https://registry.npmjs.org/path/-/path-0.12.7.tgz
484 silly lockFile d1fc4304-y-npmjs-org-path-path-0-12-7-tgz https://registry.npmjs.org/path/-/path-0.12.7.tgz
485 silly lockFile 423c0001-path-0-12-7 path@0.12.7
486 silly lockFile 423c0001-path-0-12-7 path@0.12.7
487 silly lockFile b89ee5ab-path-0-12-7 path@^0.12.7
488 silly lockFile b89ee5ab-path-0-12-7 path@^0.12.7
489 http 200 https://registry.npmjs.org/systemjs
490 silly registry.get cb [ 200,
490 silly registry.get   { server: 'CouchDB/1.5.0 (Erlang OTP/R16B03)',
490 silly registry.get     etag: '"3U1V19WGBB51OEZT64PJGX7T"',
490 silly registry.get     'content-type': 'application/json',
490 silly registry.get     'content-encoding': 'gzip',
490 silly registry.get     'cache-control': 'max-age=300',
490 silly registry.get     'content-length': '18284',
490 silly registry.get     'accept-ranges': 'bytes',
490 silly registry.get     date: 'Wed, 26 Oct 2016 03:02:59 GMT',
490 silly registry.get     via: '1.1 varnish',
490 silly registry.get     age: '79',
490 silly registry.get     connection: 'keep-alive',
490 silly registry.get     'x-served-by': 'cache-lcy1142-LCY',
490 silly registry.get     'x-cache': 'HIT',
490 silly registry.get     'x-cache-hits': '1',
490 silly registry.get     'x-timer': 'S1477450979.097451,VS0,VE0',
490 silly registry.get     vary: 'Accept-Encoding' } ]
491 silly lockFile 40dfeb11-rg-systemjs-systemjs-0-19-27-tgz https://registry.npmjs.org/systemjs/-/systemjs-0.19.27.tgz
492 verbose lock https://registry.npmjs.org/systemjs/-/systemjs-0.19.27.tgz C:\Users\Administrator\AppData\Roaming\npm-cache\40dfeb11-rg-systemjs-systemjs-0-19-27-tgz.lock
493 verbose addRemoteTarball [ 'https://registry.npmjs.org/systemjs/-/systemjs-0.19.27.tgz',
493 verbose addRemoteTarball   'f1740d565ce64371ac0de7072a4d1e5471ba7ba2' ]
494 info retry fetch attempt 1 at 11:03:03
495 verbose fetch to= C:\Users\ADMINI~1\AppData\Local\Temp\npm-1208-w_Tkd3wg\1477450983051-0.5925994957797229\tmp.tgz
496 http GET https://registry.npmjs.org/systemjs/-/systemjs-0.19.27.tgz
497 http 200 https://registry.npmjs.org/reflect-metadata/-/reflect-metadata-0.1.8.tgz
498 http 200 https://registry.npmjs.org/gulp-tsc
499 silly registry.get cb [ 200,
499 silly registry.get   { server: 'CouchDB/1.5.0 (Erlang OTP/R16B03)',
499 silly registry.get     etag: '"D085ZOH1XKQW2KKRMM3PPTSDM"',
499 silly registry.get     'content-type': 'application/json',
499 silly registry.get     'content-encoding': 'gzip',
499 silly registry.get     'cache-control': 'max-age=300',
499 silly registry.get     'content-length': '11139',
499 silly registry.get     'accept-ranges': 'bytes',
499 silly registry.get     date: 'Wed, 26 Oct 2016 03:02:58 GMT',
499 silly registry.get     via: '1.1 varnish',
499 silly registry.get     age: '0',
499 silly registry.get     connection: 'keep-alive',
499 silly registry.get     'x-served-by': 'cache-lcy1139-LCY',
499 silly registry.get     'x-cache': 'MISS',
499 silly registry.get     'x-cache-hits': '0',
499 silly registry.get     'x-timer': 'S1477450978.234526,VS0,VE689',
499 silly registry.get     vary: 'Accept-Encoding' } ]
500 silly addNameRange number 2 { name: 'gulp-tsc', range: '>=1.2.0-0 <2.0.0-0', hasData: true }
501 silly addNameRange versions [ 'gulp-tsc',
501 silly addNameRange   [ '0.0.1',
501 silly addNameRange     '0.0.2',
501 silly addNameRange     '0.0.3',
501 silly addNameRange     '0.0.4',
501 silly addNameRange     '0.1.0',
501 silly addNameRange     '0.2.0',
501 silly addNameRange     '0.2.1',
501 silly addNameRange     '0.2.2',
501 silly addNameRange     '0.3.0',
501 silly addNameRange     '0.4.0',
501 silly addNameRange     '0.5.0',
501 silly addNameRange     '0.5.1',
501 silly addNameRange     '0.6.0',
501 silly addNameRange     '0.7.0',
501 silly addNameRange     '0.8.0',
501 silly addNameRange     '0.9.0',
501 silly addNameRange     '0.9.1',
501 silly addNameRange     '0.9.2',
501 silly addNameRange     '0.9.3',
501 silly addNameRange     '0.9.4',
501 silly addNameRange     '0.9.5',
501 silly addNameRange     '0.10.0',
501 silly addNameRange     '0.10.1',
501 silly addNameRange     '1.0.0',
501 silly addNameRange     '1.1.0',
501 silly addNameRange     '1.1.1',
501 silly addNameRange     '1.1.2',
501 silly addNameRange     '1.1.3',
501 silly addNameRange     '1.1.4',
501 silly addNameRange     '1.1.5',
501 silly addNameRange     '1.2.0',
501 silly addNameRange     '1.2.2',
501 silly addNameRange     '1.2.3',
501 silly addNameRange     '1.2.4-alpha1',
501 silly addNameRange     '1.2.4-alpha2',
501 silly addNameRange     '1.2.4' ] ]
502 verbose addNamed [ 'gulp-tsc', '1.2.4' ]
503 verbose addNamed [ '1.2.4', '1.2.4' ]
504 silly lockFile bc47fb2f-gulp-tsc-1-2-4 gulp-tsc@1.2.4
505 verbose lock gulp-tsc@1.2.4 C:\Users\Administrator\AppData\Roaming\npm-cache\bc47fb2f-gulp-tsc-1-2-4.lock
506 silly lockFile 3a3cadd0--org-gulp-tsc-gulp-tsc-1-2-4-tgz https://registry.npmjs.org/gulp-tsc/-/gulp-tsc-1.2.4.tgz
507 verbose lock https://registry.npmjs.org/gulp-tsc/-/gulp-tsc-1.2.4.tgz C:\Users\Administrator\AppData\Roaming\npm-cache\3a3cadd0--org-gulp-tsc-gulp-tsc-1-2-4-tgz.lock
508 verbose addRemoteTarball [ 'https://registry.npmjs.org/gulp-tsc/-/gulp-tsc-1.2.4.tgz',
508 verbose addRemoteTarball   '1466a8a82cc9a099dc60912dbd5a2f865d2b74b1' ]
509 info retry fetch attempt 1 at 11:03:03
510 verbose fetch to= C:\Users\ADMINI~1\AppData\Local\Temp\npm-1208-w_Tkd3wg\1477450983176-0.43665408715605736\tmp.tgz
511 http GET https://registry.npmjs.org/gulp-tsc/-/gulp-tsc-1.2.4.tgz
512 http 404 https://registry.npmjs.org/angular/http
513 silly registry.get cb [ 404,
513 silly registry.get   { 'content-type': 'application/json',
513 silly registry.get     'cache-control': 'max-age=0',
513 silly registry.get     'content-length': '2',
513 silly registry.get     'accept-ranges': 'bytes',
513 silly registry.get     date: 'Wed, 26 Oct 2016 03:02:59 GMT',
513 silly registry.get     via: '1.1 varnish',
513 silly registry.get     age: '0',
513 silly registry.get     connection: 'keep-alive',
513 silly registry.get     'x-served-by': 'cache-lcy1146-LCY',
513 silly registry.get     'x-cache': 'MISS',
513 silly registry.get     'x-cache-hits': '0',
513 silly registry.get     'x-timer': 'S1477450979.391778,VS0,VE371',
513 silly registry.get     vary: 'Accept-Encoding' } ]
514 silly lockFile dd755930-angular-http-2-0-0 angular/http@2.0.0
515 silly lockFile dd755930-angular-http-2-0-0 angular/http@2.0.0
516 error 404 Not Found
516 error 404
516 error 404 'angular/http' is not in the npm registry.
516 error 404 You should bug the author to publish it
516 error 404 It was specified as a dependency of 'aspnet'
516 error 404
516 error 404 Note that you can also install from a
516 error 404 tarball, folder, or http url, or git url.
517 error System Windows_NT 6.2.9200
518 error command "C:\\Program Files (x86)\\Microsoft Visual Studio 14.0\\Common7\\IDE\\Extensions\\Microsoft\\Web Tools\\External\\\\node\\node" "C:\\Program Files (x86)\\Microsoft Visual Studio 14.0\\Common7\\IDE\\Extensions\\Microsoft\\Web Tools\\External\\npm\\node_modules\\npm\\bin\\npm-cli.js" "install"
519 error cwd F:\MySolution\MyWeb\MyStudySolution\MyWeb
520 error node -v v0.10.31
521 error npm -v 1.4.9
522 error code E404
523 verbose exit [ 1, true ]
